[INFO] (2023-03-15 13:16:01)
Waiting for server...
[WARNING] (2023-03-30 21:10:41)
[MANAGER] Manager Connecting Failed, Reboot
[INFO] (2023-03-30 21:10:42)
[MANAGER] Manager Restarting
[WARNING] (2023-03-30 21:10:44)
[MANAGER] Manager Connecting Failed, Reboot
[INFO] (2023-03-30 21:10:45)
[MANAGER] Manager Restarting
[WARNING] (2023-03-30 21:10:47)
[MANAGER] Manager Connecting Failed, Reboot
[INFO] (2023-03-30 21:10:48)
[MANAGER] Manager Restarting
[WARNING] (2023-03-30 21:10:51)
[MANAGER] Manager Connecting Failed, Reboot
[INFO] (2023-03-30 21:10:52)
[MANAGER] Manager Restarting
[WARNING] (2023-04-03 17:00:48)
[MANAGER] Manager Connecting Failed, Reboot
[INFO] (2023-04-03 17:00:49)
[MANAGER] Manager Restarting
[WARNING] (2023-04-03 17:00:51)
[MANAGER] Manager Connecting Failed, Reboot
[WARNING] (2023-04-03 17:01:00)
[MANAGER] Manager Connecting Failed, Reboot
[INFO] (2023-04-03 17:01:01)
[MANAGER] Manager Restarting
[WARNING] (2023-04-03 17:01:03)
[MANAGER] Manager Connecting Failed, Reboot
[INFO] (2023-04-03 17:01:04)
[MANAGER] Manager Restarting
[WARNING] (2023-04-03 17:01:05)
[MANAGER] Manager Connecting Failed, Reboot
[INFO] (2023-04-03 17:01:06)
[MANAGER] Manager Restarting
[WARNING] (2023-04-03 17:01:07)
[MANAGER] Manager Connecting Failed, Reboot
[INFO] (2023-04-03 17:01:08)
[MANAGER] Manager Restarting
[WARNING] (2023-04-03 17:01:09)
[MANAGER] Manager Connecting Failed, Reboot
[INFO] (2023-04-03 17:01:10)
[MANAGER] Manager Restarting
[WARNING] (2023-04-03 17:01:11)
[MANAGER] Manager Connecting Failed, Reboot
[INFO] (2023-04-03 17:01:12)
[MANAGER] Manager Restarting
[WARNING] (2023-04-03 17:01:13)
[MANAGER] Manager Connecting Failed, Reboot
[INFO] (2023-04-24 21:33:40)
[FC]state one pass
[WARNING] (2023-04-24 21:33:40)
[MANAGER] Manager Connecting Failed, Reboot
